<?xml version="1.0" encoding="UTF-8"?>
<!-- Generated by org.testng.reporters.JUnitReportReporter -->
<testsuite hostname="DESKTOP-RJ6DHNB" failures="0" tests="1" name="com.nkt.org.mavenDemo.PracticeClass6" time="31.634" errors="0" timestamp="2020-06-30T10:14:45 IST" skipped="0">
  <testcase classname="com.nkt.org.mavenDemo.PracticeClass6" name="test" time="31.634"/>
</testsuite> <!-- com.nkt.org.mavenDemo.PracticeClass6 -->
