<?xml version="1.0" encoding="UTF-8"?>
<!-- Generated by org.testng.reporters.JUnitReportReporter -->
<testsuite hostname="DESKTOP-RJ6DHNB" failures="0" tests="1" name="com.nkt.org.mavenDemo.PracticeClass1" time="22.775" errors="0" timestamp="2020-06-06T20:05:26 IST" skipped="0">
  <testcase classname="com.nkt.org.mavenDemo.PracticeClass1" name="test" time="22.775"/>
</testsuite> <!-- com.nkt.org.mavenDemo.PracticeClass1 -->
