<?xml version="1.0" encoding="UTF-8"?>
<!-- Generated by org.testng.reporters.JUnitReportReporter -->
<testsuite hostname="DESKTOP-RJ6DHNB" failures="0" tests="1" name="com.nkt.org.mavenDemo.Class1" time="0.013" errors="0" timestamp="11 Jan 2020 06:52:13 GMT">
  <testcase classname="com.nkt.org.mavenDemo.Class1" name="test1" time="0.013"/>
</testsuite> <!-- com.nkt.org.mavenDemo.Class1 -->
