<?xml version="1.0" encoding="UTF-8"?>
<!-- Generated by org.testng.reporters.JUnitReportReporter -->
<testsuite hostname="DESKTOP-RJ6DHNB" failures="0" tests="1" name="com.nkt.org.mavenDemo.PracticeClass5" time="17.944" errors="0" timestamp="2020-06-27T16:05:58 IST" skipped="0">
  <testcase classname="com.nkt.org.mavenDemo.PracticeClass5" name="test" time="17.944"/>
</testsuite> <!-- com.nkt.org.mavenDemo.PracticeClass5 -->
