<?xml version="1.0" encoding="UTF-8"?>
<!-- Generated by org.testng.reporters.JUnitReportReporter -->
<testsuite hostname="DESKTOP-RJ6DHNB" failures="0" tests="5" name="com.nkt.org.mavenDemo.Class2" time="0.016" errors="0" timestamp="11 Jan 2020 07:01:57 GMT">
  <testcase classname="com.nkt.org.mavenDemo.Class2" name="test3" time="0.001"/>
  <testcase classname="com.nkt.org.mavenDemo.Class2" name="test3" time="0.001"/>
  <testcase classname="com.nkt.org.mavenDemo.Class2" name="test3" time="0.002"/>
  <testcase classname="com.nkt.org.mavenDemo.Class2" name="test3" time="0.001"/>
  <testcase classname="com.nkt.org.mavenDemo.Class2" name="test3" time="0.011"/>
</testsuite> <!-- com.nkt.org.mavenDemo.Class2 -->
