<?xml version="1.0" encoding="UTF-8"?>
<!-- Generated by org.testng.reporters.JUnitReportReporter -->
<testsuite hostname="DESKTOP-RJ6DHNB" failures="0" tests="1" name="com.nkt.org.mavenDemo.Class2" time="0.008" errors="0" timestamp="11 Jan 2020 06:56:23 GMT">
  <testcase classname="com.nkt.org.mavenDemo.Class2" name="test3" time="0.008"/>
</testsuite> <!-- com.nkt.org.mavenDemo.Class2 -->
